<?xml version="1.0" encoding="UTF-8"?>
<testsuite xmlns:xsi="http://www.w3.org/2001/XMLSchema-instance" xsi:noNamespaceSchemaLocation="https://maven.apache.org/surefire/maven-surefire-plugin/xsd/surefire-test-report.xsd" name="amazon.AppTest" time="0.055" tests="1" errors="0" skipped="0" failures="0">
  <properties>
    <property name="java.specification.version" value="17"/>
    <property name="sun.jnu.encoding" value="UTF-8"/>
    <property name="java.class.path" value="/root/website/target/test-classes:/root/website/target/classes:/root/.m2/repository/junit/junit/4.11/junit-4.11.jar:/root/.m2/repository/org/hamcrest/hamcrest-core/1.3/hamcrest-core-1.3.jar:/root/.m2/repository/io/shulie/surge/data/mysql/1.0/mysql-1.0.jar:/root/.m2/repository/org/slf4j/slf4j-api/1.7.30/slf4j-api-1.7.30.jar:/root/.m2/repository/io/shulie/surge/data/common/1.0/common-1.0.jar:/root/.m2/repository/org/apache/commons/commons-lang3/3.11/commons-lang3-3.11.jar:/root/.m2/repository/ch/qos/logback/logback-classic/1.2.3/logback-classic-1.2.3.jar:/root/.m2/repository/ch/qos/logback/logback-core/1.2.3/logback-core-1.2.3.jar:/root/.m2/repository/com/github/stephenc/high-scale-lib/high-scale-lib/1.1.4/high-scale-lib-1.1.4.jar:/root/.m2/repository/com/github/sgroschupf/zkclient/0.1/zkclient-0.1.jar:/root/.m2/repository/commons-collections/commons-collections/3.2.2/commons-collections-3.2.2.jar:/root/.m2/repository/org/apache/zookeeper/zookeeper/3.4.9/zookeeper-3.4.9.jar:/root/.m2/repository/log4j/log4j/1.2.16/log4j-1.2.16.jar:/root/.m2/repository/jline/jline/0.9.94/jline-0.9.94.jar:/root/.m2/repository/io/netty/netty/3.10.5.Final/netty-3.10.5.Final.jar:/root/.m2/repository/commons-codec/commons-codec/1.6/commons-codec-1.6.jar:/root/.m2/repository/com/alibaba/fastjson/1.2.72/fastjson-1.2.72.jar:/root/.m2/repository/com/netflix/curator/curator-framework/1.3.3/curator-framework-1.3.3.jar:/root/.m2/repository/com/netflix/curator/curator-client/1.3.3/curator-client-1.3.3.jar:/root/.m2/repository/com/netflix/curator/curator-recipes/1.3.3/curator-recipes-1.3.3.jar:/root/.m2/repository/commons-io/commons-io/1.3.2/commons-io-1.3.2.jar:/root/.m2/repository/com/google/guava/guava/15.0/guava-15.0.jar:/root/.m2/repository/io/shulie/surge/data/runtime/1.0/runtime-1.0.jar:/root/.m2/repository/com/google/inject/guice/3.0/guice-3.0.jar:/root/.m2/repository/javax/inject/javax.inject/1/javax.inject-1.jar:/root/.m2/repository/aopalliance/aopalliance/1.0/aopalliance-1.0.jar:/root/.m2/repository/com/google/code/gson/gson/2.8.6/gson-2.8.6.jar:/root/.m2/repository/mysql/mysql-connector-java/5.1.49/mysql-connector-java-5.1.49.jar:/root/.m2/repository/org/springframework/spring-jdbc/5.2.9.RELEASE/spring-jdbc-5.2.9.RELEASE.jar:/root/.m2/repository/org/springframework/spring-beans/5.2.9.RELEASE/spring-beans-5.2.9.RELEASE.jar:/root/.m2/repository/org/springframework/spring-core/5.2.9.RELEASE/spring-core-5.2.9.RELEASE.jar:/root/.m2/repository/org/springframework/spring-jcl/5.2.9.RELEASE/spring-jcl-5.2.9.RELEASE.jar:/root/.m2/repository/org/springframework/spring-tx/5.2.9.RELEASE/spring-tx-5.2.9.RELEASE.jar:/root/.m2/repository/com/alibaba/druid/1.1.21/druid-1.1.21.jar:"/>
    <property name="java.vm.vendor" value="Ubuntu"/>
    <property name="sun.arch.data.model" value="64"/>
    <property name="java.vendor.url" value="https://ubuntu.com/"/>
    <property name="os.name" value="Linux"/>
    <property name="java.vm.specification.version" value="17"/>
    <property name="sun.java.launcher" value="SUN_STANDARD"/>
    <property name="sun.boot.library.path" value="/usr/lib/jvm/java-17-openjdk-amd64/lib"/>
    <property name="sun.java.command" value="/root/website/target/surefire/surefirebooter5679843267004693453.jar /root/website/target/surefire 2024-10-12T08-03-38_504-jvmRun1 surefire8664129441989522183tmp surefire_02986041512632919009tmp"/>
    <property name="jdk.debug" value="release"/>
    <property name="surefire.test.class.path" value="/root/website/target/test-classes:/root/website/target/classes:/root/.m2/repository/junit/junit/4.11/junit-4.11.jar:/root/.m2/repository/org/hamcrest/hamcrest-core/1.3/hamcrest-core-1.3.jar:/root/.m2/repository/io/shulie/surge/data/mysql/1.0/mysql-1.0.jar:/root/.m2/repository/org/slf4j/slf4j-api/1.7.30/slf4j-api-1.7.30.jar:/root/.m2/repository/io/shulie/surge/data/common/1.0/common-1.0.jar:/root/.m2/repository/org/apache/commons/commons-lang3/3.11/commons-lang3-3.11.jar:/root/.m2/repository/ch/qos/logback/logback-classic/1.2.3/logback-classic-1.2.3.jar:/root/.m2/repository/ch/qos/logback/logback-core/1.2.3/logback-core-1.2.3.jar:/root/.m2/repository/com/github/stephenc/high-scale-lib/high-scale-lib/1.1.4/high-scale-lib-1.1.4.jar:/root/.m2/repository/com/github/sgroschupf/zkclient/0.1/zkclient-0.1.jar:/root/.m2/repository/commons-collections/commons-collections/3.2.2/commons-collections-3.2.2.jar:/root/.m2/repository/org/apache/zookeeper/zookeeper/3.4.9/zookeeper-3.4.9.jar:/root/.m2/repository/log4j/log4j/1.2.16/log4j-1.2.16.jar:/root/.m2/repository/jline/jline/0.9.94/jline-0.9.94.jar:/root/.m2/repository/io/netty/netty/3.10.5.Final/netty-3.10.5.Final.jar:/root/.m2/repository/commons-codec/commons-codec/1.6/commons-codec-1.6.jar:/root/.m2/repository/com/alibaba/fastjson/1.2.72/fastjson-1.2.72.jar:/root/.m2/repository/com/netflix/curator/curator-framework/1.3.3/curator-framework-1.3.3.jar:/root/.m2/repository/com/netflix/curator/curator-client/1.3.3/curator-client-1.3.3.jar:/root/.m2/repository/com/netflix/curator/curator-recipes/1.3.3/curator-recipes-1.3.3.jar:/root/.m2/repository/commons-io/commons-io/1.3.2/commons-io-1.3.2.jar:/root/.m2/repository/com/google/guava/guava/15.0/guava-15.0.jar:/root/.m2/repository/io/shulie/surge/data/runtime/1.0/runtime-1.0.jar:/root/.m2/repository/com/google/inject/guice/3.0/guice-3.0.jar:/root/.m2/repository/javax/inject/javax.inject/1/javax.inject-1.jar:/root/.m2/repository/aopalliance/aopalliance/1.0/aopalliance-1.0.jar:/root/.m2/repository/com/google/code/gson/gson/2.8.6/gson-2.8.6.jar:/root/.m2/repository/mysql/mysql-connector-java/5.1.49/mysql-connector-java-5.1.49.jar:/root/.m2/repository/org/springframework/spring-jdbc/5.2.9.RELEASE/spring-jdbc-5.2.9.RELEASE.jar:/root/.m2/repository/org/springframework/spring-beans/5.2.9.RELEASE/spring-beans-5.2.9.RELEASE.jar:/root/.m2/repository/org/springframework/spring-core/5.2.9.RELEASE/spring-core-5.2.9.RELEASE.jar:/root/.m2/repository/org/springframework/spring-jcl/5.2.9.RELEASE/spring-jcl-5.2.9.RELEASE.jar:/root/.m2/repository/org/springframework/spring-tx/5.2.9.RELEASE/spring-tx-5.2.9.RELEASE.jar:/root/.m2/repository/com/alibaba/druid/1.1.21/druid-1.1.21.jar:"/>
    <property name="sun.cpu.endian" value="little"/>
    <property name="user.home" value="/root"/>
    <property name="user.language" value="en"/>
    <property name="java.specification.vendor" value="Oracle Corporation"/>
    <property name="java.version.date" value="2024-07-16"/>
    <property name="java.home" value="/usr/lib/jvm/java-17-openjdk-amd64"/>
    <property name="file.separator" value="/"/>
    <property name="basedir" value="/root/website"/>
    <property name="java.vm.compressedOopsMode" value="32-bit"/>
    <property name="line.separator" value="&#10;"/>
    <property name="java.vm.specification.vendor" value="Oracle Corporation"/>
    <property name="java.specification.name" value="Java Platform API Specification"/>
    <property name="surefire.real.class.path" value="/root/website/target/surefire/surefirebooter5679843267004693453.jar"/>
    <property name="sun.management.compiler" value="HotSpot 64-Bit Tiered Compilers"/>
    <property name="java.runtime.version" value="17.0.12+7-Ubuntu-1ubuntu224.04"/>
    <property name="user.name" value="root"/>
    <property name="path.separator" value=":"/>
    <property name="os.version" value="6.8.0-1016-aws"/>
    <property name="java.runtime.name" value="OpenJDK Runtime Environment"/>
    <property name="file.encoding" value="UTF-8"/>
    <property name="java.vm.name" value="OpenJDK 64-Bit Server VM"/>
    <property name="localRepository" value="/root/.m2/repository"/>
    <property name="java.vendor.url.bug" value="https://bugs.launchpad.net/ubuntu/+source/openjdk-17"/>
    <property name="java.io.tmpdir" value="/tmp"/>
    <property name="java.version" value="17.0.12"/>
    <property name="user.dir" value="/root/website"/>
    <property name="os.arch" value="amd64"/>
    <property name="java.vm.specification.name" value="Java Virtual Machine Specification"/>
    <property name="native.encoding" value="UTF-8"/>
    <property name="java.library.path" value="/usr/java/packages/lib:/usr/lib/x86_64-linux-gnu/jni:/lib/x86_64-linux-gnu:/usr/lib/x86_64-linux-gnu:/usr/lib/jni:/lib:/usr/lib"/>
    <property name="java.vm.info" value="mixed mode, sharing"/>
    <property name="java.vendor" value="Ubuntu"/>
    <property name="java.vm.version" value="17.0.12+7-Ubuntu-1ubuntu224.04"/>
    <property name="sun.io.unicode.encoding" value="UnicodeLittle"/>
    <property name="java.class.version" value="61.0"/>
  </properties>
  <testcase name="shouldAnswerWithTrue" classname="amazon.AppTest" time="0.003"/>
</testsuite>